# -----------------------------------------------------------------------------
VCFgenie.py - Dynamically filter within-sample (pooled sequencing) variants to control false positive calls
# -----------------------------------------------------------------------------
For DOCUMENTATION, run:
    $ VCFgenie.py --help
    $ pydoc ./VCFgenie.py
# -----------------------------------------------------------------------------

# -----------------------------------------------------------------------------
EXAMPLE:
    $ VCFgenie.py --error_rate=0.0001 --VCF_files=example.vcf
# -----------------------------------------------------------------------------

# -----------------------------------------------------------------------------
LOG:command="/Users/cwnelson88/scripts_NGS/github_VCFgenie/VCFgenie.py --VCF_files example_B.vcf --error_rate=0.01103 --out_dir=ex2_out --AC_key=FAO --AF_key=AF --DP_key=FDP"
LOG:cwd="/Users/cwnelson88/scripts_NGS/github_VCFgenie/EXAMPLE_INPUT"
LOG:error_rate="0.01103"
LOG:out_dir="ex2_out"
LOG:p_cutoff="1.0"
LOG:AC_key="FAO"
LOG:AC_key_new="NAC"
LOG:AF_key="AF"
LOG:AF_key_new="NAF"
LOG:DP_key="FDP"
LOG:PVR_key_new="PVR"
LOG:PVA_key_new="PVA"
LOG:min_AC="0"
LOG:min_AF="0"
LOG:max_AF="1"
LOG:min_DP="1"
LOG:INFO_rules="None"
LOG:sample_rules="None"
LOG:overwrite_INFO="False"

# -----------------------------------------------------------------------------
VCF files to process (output files will have names of the form "<VCF_root_name>_filtered.vcf"): [IN_FILE_NAME] -> [OUT_FILE_NAME]
example_B.vcf -> example_B_filtered.vcf

# -----------------------------------------------------------------------------
Analyzing file=example_B.vcf
Analyzing sample=PAP288913_F1
MULTIALLELIC: file=example_B.vcf;seq=chrom_name;pos=548;REF=AC;ALT=['A', 'AG', 'GA']
FAILED: file="example_B.vcf";seq="chrom_name";pos="548";allele_FAILED="AG";REF="AC";ALT="A,AG,GA";AF="0.0";AC="0";DP="1981";p="1.0";DECISION="failZeroAC";STATUS="FAIL"
FAILED: file="example_B.vcf";seq="chrom_name";pos="548";allele_FAILED="AG";REF="AC";ALT="A,AG,GA";AF="0.0";AC="0";DP="1981";p="1.0";DECISION="failp";STATUS="FAIL"
FAILED: file="example_B.vcf";seq="chrom_name";pos="548";allele_FAILED="AC";REF="AC";ALT="A,AG,GA";AF="0.0";AC="0";DP="1981";p="1.0";DECISION="failZeroAC";STATUS="FAIL"
FAILED: file="example_B.vcf";seq="chrom_name";pos="548";allele_FAILED="AC";REF="AC";ALT="A,AG,GA";AF="0.0";AC="0";DP="1981";p="1.0";DECISION="failp";STATUS="FAIL"
FAILED: file="example_B.vcf";seq="chrom_name";pos="549";allele_FAILED="C";REF="C";ALT="A";AF="0.0";AC="0";DP="1971";p="1.0";DECISION="failZeroAC";STATUS="FAIL"
FAILED: file="example_B.vcf";seq="chrom_name";pos="549";allele_FAILED="C";REF="C";ALT="A";AF="0.0";AC="0";DP="1971";p="1.0";DECISION="failp";STATUS="FAIL"
FAILED: file="example_B.vcf";seq="chrom_name";pos="1012";allele_FAILED="A";REF="A";ALT="T";AF="0.0";AC="0";DP="1986";p="1.0";DECISION="failZeroAC";STATUS="FAIL"
FAILED: file="example_B.vcf";seq="chrom_name";pos="1012";allele_FAILED="A";REF="A";ALT="T";AF="0.0";AC="0";DP="1986";p="1.0";DECISION="failp";STATUS="FAIL"
FAILED: file="example_B.vcf";seq="chrom_name";pos="1194";allele_FAILED="C";REF="C";ALT="A";AF="0.0";AC="0";DP="1997";p="1.0";DECISION="failZeroAC";STATUS="FAIL"
FAILED: file="example_B.vcf";seq="chrom_name";pos="1194";allele_FAILED="C";REF="C";ALT="A";AF="0.0";AC="0";DP="1997";p="1.0";DECISION="failp";STATUS="FAIL"
MULTIALLELIC: file=example_B.vcf;seq=chrom_name;pos=3217;REF=CC;ALT=['AC', 'AT']
FAILED: file="example_B.vcf";seq="chrom_name";pos="3217";allele_FAILED="CC";REF="CC";ALT="AC,AT";AF="0.0";AC="0";DP="1986";p="1.0";DECISION="failZeroAC";STATUS="FAIL"
FAILED: file="example_B.vcf";seq="chrom_name";pos="3217";allele_FAILED="CC";REF="CC";ALT="AC,AT";AF="0.0";AC="0";DP="1986";p="1.0";DECISION="failp";STATUS="FAIL"
FAILED: file="example_B.vcf";seq="chrom_name";pos="3629";allele_FAILED="A";REF="A";ALT="AG";AF="0.0";AC="0";DP="1972";p="1.0";DECISION="failZeroAC";STATUS="FAIL"
FAILED: file="example_B.vcf";seq="chrom_name";pos="3629";allele_FAILED="A";REF="A";ALT="AG";AF="0.0";AC="0";DP="1972";p="1.0";DECISION="failp";STATUS="FAIL"
MULTIALLELIC: file=example_B.vcf;seq=chrom_name;pos=3630;REF=C;ALT=['A', 'G']
FAILED: file="example_B.vcf";seq="chrom_name";pos="3723";allele_FAILED="C";REF="C";ALT="A";AF="0.0";AC="0";DP="1988";p="1.0";DECISION="failZeroAC";STATUS="FAIL"
FAILED: file="example_B.vcf";seq="chrom_name";pos="3723";allele_FAILED="C";REF="C";ALT="A";AF="0.0";AC="0";DP="1988";p="1.0";DECISION="failp";STATUS="FAIL"
FAILED: file="example_B.vcf";seq="chrom_name";pos="3724";allele_FAILED="G";REF="G";ALT="GA";AF="0.0";AC="0";DP="1368";p="1.0";DECISION="failZeroAC";STATUS="FAIL"
FAILED: file="example_B.vcf";seq="chrom_name";pos="3724";allele_FAILED="G";REF="G";ALT="GA";AF="0.0";AC="0";DP="1368";p="1.0";DECISION="failp";STATUS="FAIL"
FAILED: file="example_B.vcf";seq="chrom_name";pos="3725";allele_FAILED="G";REF="G";ALT="A";AF="0.0";AC="0";DP="1986";p="1.0";DECISION="failZeroAC";STATUS="FAIL"
FAILED: file="example_B.vcf";seq="chrom_name";pos="3725";allele_FAILED="G";REF="G";ALT="A";AF="0.0";AC="0";DP="1986";p="1.0";DECISION="failp";STATUS="FAIL"
MULTIALLELIC: file=example_B.vcf;seq=chrom_name;pos=4168;REF=T;ALT=['C', 'TC']
FAILED: file="example_B.vcf";seq="chrom_name";pos="4168";allele_FAILED="TC";REF="T";ALT="C,TC";AF="0.0";AC="0";DP="1968";p="1.0";DECISION="failZeroAC";STATUS="FAIL"
FAILED: file="example_B.vcf";seq="chrom_name";pos="4168";allele_FAILED="TC";REF="T";ALT="C,TC";AF="0.0";AC="0";DP="1968";p="1.0";DECISION="failp";STATUS="FAIL"
MULTIALLELIC: file=example_B.vcf;seq=chrom_name;pos=4241;REF=AGT;ALT=['ATC', 'ATT']
FAILED: file="example_B.vcf";seq="chrom_name";pos="4693";allele_FAILED="G";REF="G";ALT="T";AF="0.0";AC="0";DP="1990";p="1.0";DECISION="failZeroAC";STATUS="FAIL"
FAILED: file="example_B.vcf";seq="chrom_name";pos="4693";allele_FAILED="G";REF="G";ALT="T";AF="0.0";AC="0";DP="1990";p="1.0";DECISION="failp";STATUS="FAIL"
FAILED: file="example_B.vcf";seq="chrom_name";pos="4772";allele_FAILED="G";REF="G";ALT="T";AF="0.0";AC="0";DP="1992";p="1.0";DECISION="failZeroAC";STATUS="FAIL"
FAILED: file="example_B.vcf";seq="chrom_name";pos="4772";allele_FAILED="G";REF="G";ALT="T";AF="0.0";AC="0";DP="1992";p="1.0";DECISION="failp";STATUS="FAIL"
FAILED: file="example_B.vcf";seq="chrom_name";pos="5119";allele_FAILED="G";REF="G";ALT="T";AF="0.0";AC="0";DP="1987";p="1.0";DECISION="failZeroAC";STATUS="FAIL"
FAILED: file="example_B.vcf";seq="chrom_name";pos="5119";allele_FAILED="G";REF="G";ALT="T";AF="0.0";AC="0";DP="1987";p="1.0";DECISION="failp";STATUS="FAIL"
FAILED: file="example_B.vcf";seq="chrom_name";pos="5146";allele_FAILED="AC";REF="AC";ALT="A";AF="0.0";AC="0";DP="1997";p="1.0";DECISION="failZeroAC";STATUS="FAIL"
FAILED: file="example_B.vcf";seq="chrom_name";pos="5146";allele_FAILED="AC";REF="AC";ALT="A";AF="0.0";AC="0";DP="1997";p="1.0";DECISION="failp";STATUS="FAIL"
FAILED: file="example_B.vcf";seq="chrom_name";pos="5147";allele_FAILED="C";REF="C";ALT="A";AF="0.0";AC="0";DP="1997";p="1.0";DECISION="failZeroAC";STATUS="FAIL"
FAILED: file="example_B.vcf";seq="chrom_name";pos="5147";allele_FAILED="C";REF="C";ALT="A";AF="0.0";AC="0";DP="1997";p="1.0";DECISION="failp";STATUS="FAIL"
MULTIALLELIC: file=example_B.vcf;seq=chrom_name;pos=5347;REF=CTT;ALT=['CTC', 'TTC']
FAILED: file="example_B.vcf";seq="chrom_name";pos="5503";allele_FAILED="G";REF="G";ALT="A";AF="0.0";AC="0";DP="1972";p="1.0";DECISION="failZeroAC";STATUS="FAIL"
FAILED: file="example_B.vcf";seq="chrom_name";pos="5503";allele_FAILED="G";REF="G";ALT="A";AF="0.0";AC="0";DP="1972";p="1.0";DECISION="failp";STATUS="FAIL"
FAILED: file="example_B.vcf";seq="chrom_name";pos="5875";allele_FAILED="C";REF="C";ALT="A";AF="0.0";AC="0";DP="1978";p="1.0";DECISION="failZeroAC";STATUS="FAIL"
FAILED: file="example_B.vcf";seq="chrom_name";pos="5875";allele_FAILED="C";REF="C";ALT="A";AF="0.0";AC="0";DP="1978";p="1.0";DECISION="failp";STATUS="FAIL"
FAILED: file="example_B.vcf";seq="chrom_name";pos="6401";allele_FAILED="A";REF="A";ALT="G";AF="0.0";AC="0";DP="1998";p="1.0";DECISION="failZeroAC";STATUS="FAIL"
FAILED: file="example_B.vcf";seq="chrom_name";pos="6401";allele_FAILED="A";REF="A";ALT="G";AF="0.0";AC="0";DP="1998";p="1.0";DECISION="failp";STATUS="FAIL"
FAILED: file="example_B.vcf";seq="chrom_name";pos="7164";allele_FAILED="C";REF="C";ALT="A";AF="0.0";AC="0";DP="1900";p="1.0";DECISION="failZeroAC";STATUS="FAIL"
FAILED: file="example_B.vcf";seq="chrom_name";pos="7164";allele_FAILED="C";REF="C";ALT="A";AF="0.0";AC="0";DP="1900";p="1.0";DECISION="failp";STATUS="FAIL"
MULTIALLELIC: file=example_B.vcf;seq=chrom_name;pos=7232;REF=GTTGTTGTA;ALT=['GTGTTGTA', 'GT']
FAILED: file="example_B.vcf";seq="chrom_name";pos="7232";allele_FAILED="GTGTTGTA";REF="GTTGTTGTA";ALT="GTGTTGTA,GT";AF="0.0";AC="0";DP="1941";p="1.0";DECISION="failZeroAC";STATUS="FAIL"
FAILED: file="example_B.vcf";seq="chrom_name";pos="7232";allele_FAILED="GTGTTGTA";REF="GTTGTTGTA";ALT="GTGTTGTA,GT";AF="0.0";AC="0";DP="1941";p="1.0";DECISION="failp";STATUS="FAIL"
FAILED: file="example_B.vcf";seq="chrom_name";pos="7256";allele_FAILED="T";REF="T";ALT="TA";AF="0.0";AC="0";DP="1975";p="1.0";DECISION="failZeroAC";STATUS="FAIL"
FAILED: file="example_B.vcf";seq="chrom_name";pos="7256";allele_FAILED="T";REF="T";ALT="TA";AF="0.0";AC="0";DP="1975";p="1.0";DECISION="failp";STATUS="FAIL"
FAILED: file="example_B.vcf";seq="chrom_name";pos="7258";allele_FAILED="T";REF="T";ALT="A";AF="0.0";AC="0";DP="1963";p="1.0";DECISION="failZeroAC";STATUS="FAIL"
FAILED: file="example_B.vcf";seq="chrom_name";pos="7258";allele_FAILED="T";REF="T";ALT="A";AF="0.0";AC="0";DP="1963";p="1.0";DECISION="failp";STATUS="FAIL"
FAILED: file="example_B.vcf";seq="chrom_name";pos="7529";allele_FAILED="C";REF="C";ALT="A";AF="0.0";AC="0";DP="17";p="1.0";DECISION="failZeroAC";STATUS="FAIL"
FAILED: file="example_B.vcf";seq="chrom_name";pos="7529";allele_FAILED="C";REF="C";ALT="A";AF="0.0";AC="0";DP="17";p="1.0";DECISION="failp";STATUS="FAIL"
FAILED: file="example_B.vcf";seq="chrom_name";pos="7563";allele_FAILED="G";REF="G";ALT="A";AF="0.0";AC="0";DP="20";p="1.0";DECISION="failZeroAC";STATUS="FAIL"
FAILED: file="example_B.vcf";seq="chrom_name";pos="7563";allele_FAILED="G";REF="G";ALT="A";AF="0.0";AC="0";DP="20";p="1.0";DECISION="failp";STATUS="FAIL"

FILE SUMMARY for file=example_B.vcf:
example_B.vcf:record_n=286
example_B.vcf:ALLELE_n=580
example_B.vcf:REF_n=286
example_B.vcf:ALT_n=294
example_B.vcf:ALLELES_pass=555/580=95.7%
example_B.vcf:REF_pass=264/286=92.3%
example_B.vcf:ALT_pass=291/294=99.0%


# -----------------------------------------------------------------------------
============================> SUMMARY STATISTICS <=============================
# -----------------------------------------------------------------------------
Total samples (files) examined: 1
Total records (lines) examined: 286
Total ALLELES examined: 580 (286 REF + 294 ALT; 286 MAJOR + 294 MINOR)
Total ALLELES pass: 555/580=95.7%
Total REF pass: 264/286=92.3%
Total ALT pass: 291/294=99.0%
Total MAJOR pass: 286/286=100.0%
Total MINOR pass: 269/294=91.5%

=============> ALL ALLELES (at least 2 per record, REF and ALT) <==============
ALLELE_n=580
ALLELE_pass=555=95.7%
ALLELE_fail=25=4.3%
ALLELE_failZeroAC=25=4.3%
ALLELE_failDP=0=0.0%
ALLELE_failAC=0=0.0%
ALLELE_failMinAF=0=0.0%
ALLELE_failMaxAF=0=0.0%
ALLELE_failINFO=0=0.0%
ALLELE_failsample=0=0.0%
ALLELE_failp=25=4.3%
ALLELE_fixedREF=0=0.0%
ALLELE_fixedALT=20=3.4%

==> "pass": allele passes all criteria
ALLELE_pass_n=555
AF_pass: n=555;min=0.007;Q1=0.04;mean=0.515;std=0.448;median=0.818;Q3=0.961;max=1.0
AC_pass: n=555;min=1;Q1=78.5;mean=1008.685;std=889.585;median=1503.0;Q3=1916.0;max=1998
DP_pass: n=555;min=17;Q1=1986.5;mean=1964.861;std=201.176;median=1996.0;Q3=1999.0;max=2000

==> "fail": allele fails criteria (all-inclusive)
ALLELE_fail_n=25
AF_fail: n=25;min=0.0;Q1=0.0;mean=0.0;std=0.0;median=0.0;Q3=0.0;max=0.0
AC_fail: n=25;min=0;Q1=0.0;mean=0.0;std=0.0;median=0.0;Q3=0.0;max=0
DP_fail: n=25;min=17;Q1=1968.0;mean=1796.44;std=538.049;median=1981.0;Q3=1988.0;max=1998

==> "failZeroAC": allele fails when 0 reads support it (REF or ALT)
ALLELE_failZeroAC_n=25
AF_failZeroAC: n=25;min=0.0;Q1=0.0;mean=0.0;std=0.0;median=0.0;Q3=0.0;max=0.0
AC_failZeroAC: n=25;min=0;Q1=0.0;mean=0.0;std=0.0;median=0.0;Q3=0.0;max=0
DP_failZeroAC: n=25;min=17;Q1=1968.0;mean=1796.44;std=538.049;median=1981.0;Q3=1988.0;max=1998

==> "failDP": read depth (coverage) fails --min_DP
ALLELE_failDP_n=0

==> "failAC": allele count (REF or ALT) fails --min_AC
ALLELE_failAC_n=0

==> "failMinAF": allele frequency (REF or ALT) fails --min_AF
ALLELE_failMinAF_n=0

==> "failMaxAF": allele frequency (REF or ALT) fails --max_AF
ALLELE_failMaxAF_n=0

==> "failINFO": fails one or more of the user-provided --INFO_rules
ALLELE_failINFO_n=0

==> "failsample": fails one or more of the user-provided --sample_rules
ALLELE_failsample_n=0

==> "failp": fails --p_cutoff
ALLELE_failp_n=25
AF_failp: n=25;min=0.0;Q1=0.0;mean=0.0;std=0.0;median=0.0;Q3=0.0;max=0.0
AC_failp: n=25;min=0;Q1=0.0;mean=0.0;std=0.0;median=0.0;Q3=0.0;max=0
DP_failp: n=25;min=17;Q1=1968.0;mean=1796.44;std=538.049;median=1981.0;Q3=1988.0;max=1998

==> "fixedREF": site fixed for the REF allele (100% reference)
ALLELE_fixedREF_n=0

==> "fixedALT": site fixed for a particular ALT allele (100% non-reference)
ALLELE_fixedALT_n=20
AF_fixedALT: n=20;min=1.0;Q1=1.0;mean=1.0;std=0.0;median=1.0;Q3=1.0;max=1.0
AC_fixedALT: n=20;min=17;Q1=1969.0;mean=1752.7;std=593.496;median=1982.0;Q3=1990.5;max=1998
DP_fixedALT: n=20;min=17;Q1=1969.0;mean=1752.7;std=593.496;median=1982.0;Q3=1990.5;max=1998

=========================> REF ALLELES (1 per record) <========================
REF_n=286
REF_pass=264=92.3%
REF_fail=22=7.7%
REF_failZeroAC=22=7.7%
REF_failDP=0=0.0%
REF_failAC=0=0.0%
REF_failMinAF=0=0.0%
REF_failMaxAF=0=0.0%
REF_failINFO=0=0.0%
REF_failsample=0=0.0%
REF_failp=22=7.7%
REF_fixedREF=0=0.0%

==> "pass": allele passes all criteria
REF_pass_n=264
AF_pass: n=264;min=0.013;Q1=0.939;mean=0.883;std=0.229;median=0.96;Q3=0.967;max=0.973
AC_pass: n=264;min=1;Q1=1839.5;mean=1746.886;std=468.383;median=1911.5;Q3=1928.0;max=1946
DP_pass: n=264;min=20;Q1=1988.0;mean=1972.723;std=165.598;median=1996.0;Q3=1999.0;max=2000

==> "fail": allele fails criteria (all-inclusive)
REF_fail_n=22
AF_fail: n=22;min=0.0;Q1=0.0;mean=0.0;std=0.0;median=0.0;Q3=0.0;max=0.0
AC_fail: n=22;min=0;Q1=0.0;mean=0.0;std=0.0;median=0.0;Q3=0.0;max=0
DP_fail: n=22;min=17;Q1=1971.25;mean=1773.682;std=569.753;median=1983.5;Q3=1989.5;max=1998

==> "failZeroAC": allele fails when 0 reads support it (REF or ALT)
REF_failZeroAC_n=22
AF_failZeroAC: n=22;min=0.0;Q1=0.0;mean=0.0;std=0.0;median=0.0;Q3=0.0;max=0.0
AC_failZeroAC: n=22;min=0;Q1=0.0;mean=0.0;std=0.0;median=0.0;Q3=0.0;max=0
DP_failZeroAC: n=22;min=17;Q1=1971.25;mean=1773.682;std=569.753;median=1983.5;Q3=1989.5;max=1998

==> "failDP": read depth (coverage) fails --min_DP
REF_failDP_n=0

==> "failAC": allele count (REF or ALT) fails --min_AC
REF_failAC_n=0

==> "failMinAF": allele frequency (REF or ALT) fails --min_AF
REF_failMinAF_n=0

==> "failMaxAF": allele frequency (REF or ALT) fails --max_AF
REF_failMaxAF_n=0

==> "failINFO": fails one or more of the user-provided --INFO_rules
REF_failINFO_n=0

==> "failsample": fails one or more of the user-provided --sample_rules
REF_failsample_n=0

==> "failp": fails --p_cutoff
REF_failp_n=22
AF_failp: n=22;min=0.0;Q1=0.0;mean=0.0;std=0.0;median=0.0;Q3=0.0;max=0.0
AC_failp: n=22;min=0;Q1=0.0;mean=0.0;std=0.0;median=0.0;Q3=0.0;max=0
DP_failp: n=22;min=17;Q1=1971.25;mean=1773.682;std=569.753;median=1983.5;Q3=1989.5;max=1998

==> "fixedREF": site fixed for the REF allele (100% reference)
REF_fixedREF_n=0

=====================> ALT ALLELES (1 or more per record) <====================
ALT_n=294
ALT_pass=291=99.0%
ALT_fail=3=1.0%
ALT_failZeroAC=3=1.0%
ALT_failDP=0=0.0%
ALT_failAC=0=0.0%
ALT_failMinAF=0=0.0%
ALT_failMaxAF=0=0.0%
ALT_failINFO=0=0.0%
ALT_failsample=0=0.0%
ALT_failp=3=1.0%
ALT_fixedALT=20=6.8%

==> "pass": allele passes all criteria
ALT_pass_n=291
AF_pass: n=291;min=0.007;Q1=0.033;mean=0.182;std=0.318;median=0.042;Q3=0.099;max=1.0
AC_pass: n=291;min=13;Q1=65.0;mean=338.976;std=606.12;median=82.0;Q3=183.5;max=1998
DP_pass: n=291;min=17;Q1=1986.0;mean=1957.729;std=228.481;median=1996.0;Q3=1999.0;max=2000

==> "fail": allele fails criteria (all-inclusive)
ALT_fail_n=3
AF_fail: n=3;min=0.0;Q1=0.0;mean=0.0;std=0.0;median=0.0;Q3=0.0;max=0.0
AC_fail: n=3;min=0;Q1=0.0;mean=0.0;std=0.0;median=0.0;Q3=0.0;max=0
DP_fail: n=3;min=1941;Q1=1954.5;mean=1963.333;std=16.66;median=1968.0;Q3=1974.5;max=1981

==> "failZeroAC": allele fails when 0 reads support it (REF or ALT)
ALT_failZeroAC_n=3
AF_failZeroAC: n=3;min=0.0;Q1=0.0;mean=0.0;std=0.0;median=0.0;Q3=0.0;max=0.0
AC_failZeroAC: n=3;min=0;Q1=0.0;mean=0.0;std=0.0;median=0.0;Q3=0.0;max=0
DP_failZeroAC: n=3;min=1941;Q1=1954.5;mean=1963.333;std=16.66;median=1968.0;Q3=1974.5;max=1981

==> "failDP": read depth (coverage) fails --min_DP
ALT_failDP_n=0

==> "failAC": allele count (REF or ALT) fails --min_AC
ALT_failAC_n=0

==> "failMinAF": allele frequency (REF or ALT) fails --min_AF
ALT_failMinAF_n=0

==> "failMaxAF": allele frequency (REF or ALT) fails --max_AF
ALT_failMaxAF_n=0

==> "failINFO": fails one or more of the user-provided --INFO_rules
ALT_failINFO_n=0

==> "failsample": fails one or more of the user-provided --sample_rules
ALT_failsample_n=0

==> "failp": fails --p_cutoff
ALT_failp_n=3
AF_failp: n=3;min=0.0;Q1=0.0;mean=0.0;std=0.0;median=0.0;Q3=0.0;max=0.0
AC_failp: n=3;min=0;Q1=0.0;mean=0.0;std=0.0;median=0.0;Q3=0.0;max=0
DP_failp: n=3;min=1941;Q1=1954.5;mean=1963.333;std=16.66;median=1968.0;Q3=1974.5;max=1981

==> "fixedALT": site fixed for a particular ALT allele (100% non-reference)
ALT_fixedALT_n=20
AF_fixedALT: n=20;min=1.0;Q1=1.0;mean=1.0;std=0.0;median=1.0;Q3=1.0;max=1.0
AC_fixedALT: n=20;min=17;Q1=1969.0;mean=1752.7;std=593.496;median=1982.0;Q3=1990.5;max=1998
DP_fixedALT: n=20;min=17;Q1=1969.0;mean=1752.7;std=593.496;median=1982.0;Q3=1990.5;max=1998

=====================> MAJOR ALLELES (1 or more per record) <====================
MAJOR_n=286
MAJOR_pass=286=100.0%
MAJOR_fail=0=0.0%
MAJOR_failZeroAC=0=0.0%
MAJOR_failDP=0=0.0%
MAJOR_failAC=0=0.0%
MAJOR_failMinAF=0=0.0%
MAJOR_failMaxAF=0=0.0%
MAJOR_failINFO=0=0.0%
MAJOR_failsample=0=0.0%
MAJOR_failp=0=0.0%
MAJOR_fixedREF=0=0.0%
MAJOR_fixedALT=20=7.0%

==> "pass": allele passes all criteria
MAJOR_pass_n=286
AF_pass: n=286;min=0.745;Q1=0.945;mean=0.948;std=0.044;median=0.961;Q3=0.968;max=1.0
AC_pass: n=286;min=17;Q1=1864.25;mean=1853.983;std=234.266;median=1915.0;Q3=1933.0;max=1998
DP_pass: n=286;min=17;Q1=1986.0;mean=1957.413;std=230.428;median=1996.0;Q3=1999.0;max=2000

==> "fail": allele fails criteria (all-inclusive)
MAJOR_fail_n=0

==> "failZeroAC": allele fails when 0 reads support it (REF or ALT)
MAJOR_failZeroAC_n=0

==> "failDP": read depth (coverage) fails --min_DP
MAJOR_failDP_n=0

==> "failAC": allele count (REF or ALT) fails --min_AC
MAJOR_failAC_n=0

==> "failMinAF": allele frequency (REF or ALT) fails --min_AF
MAJOR_failMinAF_n=0

==> "failMaxAF": allele frequency (REF or ALT) fails --max_AF
MAJOR_failMaxAF_n=0

==> "failINFO": fails one or more of the user-provided --INFO_rules
MAJOR_failINFO_n=0

==> "failsample": fails one or more of the user-provided --sample_rules
MAJOR_failsample_n=0

==> "failp": fails --p_cutoff
MAJOR_failp_n=0

==> "fixedREF": site fixed for the REF allele (100% reference)
MAJOR_fixedREF_n=0

==> "fixedALT": site fixed for a particular ALT allele (100% non-reference)
MAJOR_fixedALT_n=20
AF_fixedALT: n=20;min=1.0;Q1=1.0;mean=1.0;std=0.0;median=1.0;Q3=1.0;max=1.0
AC_fixedALT: n=20;min=17;Q1=1969.0;mean=1752.7;std=593.496;median=1982.0;Q3=1990.5;max=1998
DP_fixedALT: n=20;min=17;Q1=1969.0;mean=1752.7;std=593.496;median=1982.0;Q3=1990.5;max=1998

=====================> MINOR ALLELES (1 or more per record) <====================
MINOR_n=294
MINOR_pass=269=91.5%
MINOR_fail=25=8.5%
MINOR_failZeroAC=25=8.5%
MINOR_failDP=0=0.0%
MINOR_failAC=0=0.0%
MINOR_failMinAF=0=0.0%
MINOR_failMaxAF=0=0.0%
MINOR_failINFO=0=0.0%
MINOR_failsample=0=0.0%
MINOR_failp=25=8.5%
MINOR_fixedREF=0=0.0%
MINOR_fixedALT=0=0.0%

==> "pass": allele passes all criteria
MINOR_pass_n=269
AF_pass: n=269;min=0.007;Q1=0.032;mean=0.056;std=0.042;median=0.04;Q3=0.057;max=0.253
AC_pass: n=269;min=1;Q1=65.0;mean=109.967;std=83.713;median=78.0;Q3=112.0;max=506
DP_pass: n=269;min=20;Q1=1987.0;mean=1972.781;std=164.095;median=1996.0;Q3=1999.0;max=2000

==> "fail": allele fails criteria (all-inclusive)
MINOR_fail_n=25
AF_fail: n=25;min=0.0;Q1=0.0;mean=0.0;std=0.0;median=0.0;Q3=0.0;max=0.0
AC_fail: n=25;min=0;Q1=0.0;mean=0.0;std=0.0;median=0.0;Q3=0.0;max=0
DP_fail: n=25;min=17;Q1=1968.0;mean=1796.44;std=538.049;median=1981.0;Q3=1988.0;max=1998

==> "failZeroAC": allele fails when 0 reads support it (REF or ALT)
MINOR_failZeroAC_n=25
AF_failZeroAC: n=25;min=0.0;Q1=0.0;mean=0.0;std=0.0;median=0.0;Q3=0.0;max=0.0
AC_failZeroAC: n=25;min=0;Q1=0.0;mean=0.0;std=0.0;median=0.0;Q3=0.0;max=0
DP_failZeroAC: n=25;min=17;Q1=1968.0;mean=1796.44;std=538.049;median=1981.0;Q3=1988.0;max=1998

==> "failDP": read depth (coverage) fails --min_DP
MINOR_failDP_n=0

==> "failAC": allele count (REF or ALT) fails --min_AC
MINOR_failAC_n=0

==> "failMinAF": allele frequency (REF or ALT) fails --min_AF
MINOR_failMinAF_n=0

==> "failMaxAF": allele frequency (REF or ALT) fails --max_AF
MINOR_failMaxAF_n=0

==> "failINFO": fails one or more of the user-provided --INFO_rules
MINOR_failINFO_n=0

==> "failsample": fails one or more of the user-provided --sample_rules
MINOR_failsample_n=0

==> "failp": fails --p_cutoff
MINOR_failp_n=25
AF_failp: n=25;min=0.0;Q1=0.0;mean=0.0;std=0.0;median=0.0;Q3=0.0;max=0.0
AC_failp: n=25;min=0;Q1=0.0;mean=0.0;std=0.0;median=0.0;Q3=0.0;max=0
DP_failp: n=25;min=17;Q1=1968.0;mean=1796.44;std=538.049;median=1981.0;Q3=1988.0;max=1998

==> "fixedREF": site fixed for the REF allele (100% reference)
MINOR_fixedREF_n=0

==> "fixedALT": site fixed for a particular ALT allele (100% non-reference)
MINOR_fixedALT_n=0

# -----------------------------------------------------------------------------

# -----------------------------------------------------------------------------
DONE
