# -----------------------------------------------------------------------------
VCFgenie.py - dynamically filter within-sample (pooled sequencing) variants to control for a FDR
# -----------------------------------------------------------------------------
For DOCUMENTATION, run:
	$ VCFgenie.py --help
	$ pydoc ./VCFgenie.py
# -----------------------------------------------------------------------------

# -----------------------------------------------------------------------------
LOG:wd="/Users/cwnelson88/scripts_NGS/github_VCFgenie/EXAMPLE_INPUT"
LOG:error_per_site="0.01103"
LOG:seq_len="7857"
LOG:num_samples="1"
LOG:FDR_cutoff="0.05"
LOG:out_dir="ex3b_out"
LOG:AC_key="FAO"
LOG:AC_key_new="NAC"
LOG:AF_key="AF"
LOG:AF_key_new="NAF"
LOG:DP_key="FDP"
LOG:min_AC="0"
LOG:min_AF="0"
LOG:max_AF="1"
LOG:min_DP="1"
LOG:INFO_rules="None"
LOG:sample_rules="FSRF>=5,FSRR>=5,FSAF>=5,FSAR>=5"
LOG:sample_rule_0:key="FSRF",operator=">=",value="5"
LOG:sample_rule_1:key="FSRR",operator=">=",value="5"
LOG:sample_rule_2:key="FSAF",operator=">=",value="5"
LOG:sample_rule_3:key="FSAR",operator=">=",value="5"

# -----------------------------------------------------------------------------
VCF files to process (output files will have names of the form "<VCF_root_name>_filtered.vcf"):
[IN_FILE_NAME] -> [OUT_FILE_NAME]
example_A.vcf -> example_A_filtered.vcf

# -----------------------------------------------------------------------------
Analyzing file=example_A.vcf
Analyzing sample=PAP288913_F1
MULTIALLELIC: file=example_A.vcf;seq=HPV18_Ref;pos=548;REF=AC;ALT=['A', 'AG', 'GA']
FAILED: file="example_A.vcf";seq="HPV18_Ref";pos="548";allele_FAILED="ALT";REF="AC";ALT="GA";AF="0.93892";AC="1860";DP="1981";FDR="0.0";DECISION="failsample";STATUS="FAIL"
FAILED: file="example_A.vcf";seq="HPV18_Ref";pos="548";allele_FAILED="ALT";REF="AC";ALT="GA";AF="0.93892";AC="1860";DP="1981";FDR="0.0";DECISION="failsample";STATUS="FAIL"
FAILED: file="example_A.vcf";seq="HPV18_Ref";pos="548";allele_FAILED="ALT";REF="AC";ALT="GA";AF="0.0";AC="0";DP="1981";FDR="7857.0";DECISION="failZeroAC";STATUS="FAIL"
FAILED: file="example_A.vcf";seq="HPV18_Ref";pos="548";allele_FAILED="ALT";REF="AC";ALT="GA";AF="0.0";AC="0";DP="1981";FDR="7857.0";DECISION="failsample";STATUS="FAIL"
FAILED: file="example_A.vcf";seq="HPV18_Ref";pos="548";allele_FAILED="ALT";REF="AC";ALT="GA";AF="0.0";AC="0";DP="1981";FDR="7857.0";DECISION="failsample";STATUS="FAIL"
FAILED: file="example_A.vcf";seq="HPV18_Ref";pos="548";allele_FAILED="ALT";REF="AC";ALT="GA";AF="0.0";AC="0";DP="1981";FDR="7857.0";DECISION="failsample";STATUS="FAIL"
FAILED: file="example_A.vcf";seq="HPV18_Ref";pos="548";allele_FAILED="ALT";REF="AC";ALT="GA";AF="0.0";AC="0";DP="1981";FDR="7857.0";DECISION="failsample";STATUS="FAIL"
FAILED: file="example_A.vcf";seq="HPV18_Ref";pos="548";allele_FAILED="ALT";REF="AC";ALT="GA";AF="0.0";AC="0";DP="1981";FDR="7857.0";DECISION="failFDR";STATUS="FAIL"
FAILED: file="example_A.vcf";seq="HPV18_Ref";pos="548";allele_FAILED="ALT";REF="AC";ALT="GA";AF="0.06108";AC="121";DP="1981";FDR="0.0";DECISION="failsample";STATUS="FAIL"
FAILED: file="example_A.vcf";seq="HPV18_Ref";pos="548";allele_FAILED="ALT";REF="AC";ALT="GA";AF="0.06108";AC="121";DP="1981";FDR="0.0";DECISION="failsample";STATUS="FAIL"
FAILED: file="example_A.vcf";seq="HPV18_Ref";pos="548";allele_FAILED="REF";REF="AC";ALT="GA";AF="0.0";AC="0";DP="1981";FDR="7857.0";DECISION="failZeroAC";STATUS="FAIL"
FAILED: file="example_A.vcf";seq="HPV18_Ref";pos="548";allele_FAILED="REF";REF="AC";ALT="GA";AF="0.0";AC="0";DP="1981";FDR="7857.0";DECISION="failsample";STATUS="FAIL"
FAILED: file="example_A.vcf";seq="HPV18_Ref";pos="548";allele_FAILED="REF";REF="AC";ALT="GA";AF="0.0";AC="0";DP="1981";FDR="7857.0";DECISION="failsample";STATUS="FAIL"
FAILED: file="example_A.vcf";seq="HPV18_Ref";pos="548";allele_FAILED="REF";REF="AC";ALT="GA";AF="0.0";AC="0";DP="1981";FDR="7857.0";DECISION="failFDR";STATUS="FAIL"
FAILED: file="example_A.vcf";seq="HPV18_Ref";pos="549";allele_FAILED="ALT";REF="C";ALT="A";AF="1.0";AC="1971";DP="1971";FDR="0.0";DECISION="failsample";STATUS="FAIL"
FAILED: file="example_A.vcf";seq="HPV18_Ref";pos="549";allele_FAILED="ALT";REF="C";ALT="A";AF="1.0";AC="1971";DP="1971";FDR="0.0";DECISION="failsample";STATUS="FAIL"
FAILED: file="example_A.vcf";seq="HPV18_Ref";pos="549";allele_FAILED="REF";REF="C";ALT="A";AF="0.0";AC="0";DP="1971";FDR="7857.0";DECISION="failZeroAC";STATUS="FAIL"
FAILED: file="example_A.vcf";seq="HPV18_Ref";pos="549";allele_FAILED="REF";REF="C";ALT="A";AF="0.0";AC="0";DP="1971";FDR="7857.0";DECISION="failsample";STATUS="FAIL"
FAILED: file="example_A.vcf";seq="HPV18_Ref";pos="549";allele_FAILED="REF";REF="C";ALT="A";AF="0.0";AC="0";DP="1971";FDR="7857.0";DECISION="failsample";STATUS="FAIL"
FAILED: file="example_A.vcf";seq="HPV18_Ref";pos="549";allele_FAILED="REF";REF="C";ALT="A";AF="0.0";AC="0";DP="1971";FDR="7857.0";DECISION="failFDR";STATUS="FAIL"
FAILED: file="example_A.vcf";seq="HPV18_Ref";pos="1012";allele_FAILED="ALT";REF="A";ALT="T";AF="1.0";AC="1986";DP="1986";FDR="0.0";DECISION="failsample";STATUS="FAIL"
FAILED: file="example_A.vcf";seq="HPV18_Ref";pos="1012";allele_FAILED="ALT";REF="A";ALT="T";AF="1.0";AC="1986";DP="1986";FDR="0.0";DECISION="failsample";STATUS="FAIL"
FAILED: file="example_A.vcf";seq="HPV18_Ref";pos="1012";allele_FAILED="REF";REF="A";ALT="T";AF="0.0";AC="0";DP="1986";FDR="7857.0";DECISION="failZeroAC";STATUS="FAIL"
FAILED: file="example_A.vcf";seq="HPV18_Ref";pos="1012";allele_FAILED="REF";REF="A";ALT="T";AF="0.0";AC="0";DP="1986";FDR="7857.0";DECISION="failsample";STATUS="FAIL"
FAILED: file="example_A.vcf";seq="HPV18_Ref";pos="1012";allele_FAILED="REF";REF="A";ALT="T";AF="0.0";AC="0";DP="1986";FDR="7857.0";DECISION="failsample";STATUS="FAIL"
FAILED: file="example_A.vcf";seq="HPV18_Ref";pos="1012";allele_FAILED="REF";REF="A";ALT="T";AF="0.0";AC="0";DP="1986";FDR="7857.0";DECISION="failFDR";STATUS="FAIL"
FAILED: file="example_A.vcf";seq="HPV18_Ref";pos="1194";allele_FAILED="ALT";REF="C";ALT="A";AF="1.0";AC="1997";DP="1997";FDR="0.0";DECISION="failsample";STATUS="FAIL"
FAILED: file="example_A.vcf";seq="HPV18_Ref";pos="1194";allele_FAILED="ALT";REF="C";ALT="A";AF="1.0";AC="1997";DP="1997";FDR="0.0";DECISION="failsample";STATUS="FAIL"
FAILED: file="example_A.vcf";seq="HPV18_Ref";pos="1194";allele_FAILED="REF";REF="C";ALT="A";AF="0.0";AC="0";DP="1997";FDR="7857.0";DECISION="failZeroAC";STATUS="FAIL"
FAILED: file="example_A.vcf";seq="HPV18_Ref";pos="1194";allele_FAILED="REF";REF="C";ALT="A";AF="0.0";AC="0";DP="1997";FDR="7857.0";DECISION="failsample";STATUS="FAIL"
FAILED: file="example_A.vcf";seq="HPV18_Ref";pos="1194";allele_FAILED="REF";REF="C";ALT="A";AF="0.0";AC="0";DP="1997";FDR="7857.0";DECISION="failsample";STATUS="FAIL"
FAILED: file="example_A.vcf";seq="HPV18_Ref";pos="1194";allele_FAILED="REF";REF="C";ALT="A";AF="0.0";AC="0";DP="1997";FDR="7857.0";DECISION="failFDR";STATUS="FAIL"
MULTIALLELIC: file=example_A.vcf;seq=HPV18_Ref;pos=3217;REF=CC;ALT=['AC', 'AT']
FAILED: file="example_A.vcf";seq="HPV18_Ref";pos="3217";allele_FAILED="ALT";REF="CC";ALT="AT";AF="0.96928";AC="1925";DP="1986";FDR="0.0";DECISION="failsample";STATUS="FAIL"
FAILED: file="example_A.vcf";seq="HPV18_Ref";pos="3217";allele_FAILED="ALT";REF="CC";ALT="AT";AF="0.96928";AC="1925";DP="1986";FDR="0.0";DECISION="failsample";STATUS="FAIL"
FAILED: file="example_A.vcf";seq="HPV18_Ref";pos="3217";allele_FAILED="ALT";REF="CC";ALT="AT";AF="0.03072";AC="61";DP="1986";FDR="0.0";DECISION="failsample";STATUS="FAIL"
FAILED: file="example_A.vcf";seq="HPV18_Ref";pos="3217";allele_FAILED="ALT";REF="CC";ALT="AT";AF="0.03072";AC="61";DP="1986";FDR="0.0";DECISION="failsample";STATUS="FAIL"
FAILED: file="example_A.vcf";seq="HPV18_Ref";pos="3217";allele_FAILED="REF";REF="CC";ALT="AT";AF="0.0";AC="0";DP="1986";FDR="7857.0";DECISION="failZeroAC";STATUS="FAIL"
FAILED: file="example_A.vcf";seq="HPV18_Ref";pos="3217";allele_FAILED="REF";REF="CC";ALT="AT";AF="0.0";AC="0";DP="1986";FDR="7857.0";DECISION="failsample";STATUS="FAIL"
FAILED: file="example_A.vcf";seq="HPV18_Ref";pos="3217";allele_FAILED="REF";REF="CC";ALT="AT";AF="0.0";AC="0";DP="1986";FDR="7857.0";DECISION="failsample";STATUS="FAIL"
FAILED: file="example_A.vcf";seq="HPV18_Ref";pos="3217";allele_FAILED="REF";REF="CC";ALT="AT";AF="0.0";AC="0";DP="1986";FDR="7857.0";DECISION="failFDR";STATUS="FAIL"
FAILED: file="example_A.vcf";seq="HPV18_Ref";pos="3629";allele_FAILED="ALT";REF="A";ALT="AG";AF="1.0";AC="1972";DP="1972";FDR="0.0";DECISION="failsample";STATUS="FAIL"
FAILED: file="example_A.vcf";seq="HPV18_Ref";pos="3629";allele_FAILED="ALT";REF="A";ALT="AG";AF="1.0";AC="1972";DP="1972";FDR="0.0";DECISION="failsample";STATUS="FAIL"
FAILED: file="example_A.vcf";seq="HPV18_Ref";pos="3629";allele_FAILED="REF";REF="A";ALT="AG";AF="0.0";AC="0";DP="1972";FDR="7857.0";DECISION="failZeroAC";STATUS="FAIL"
FAILED: file="example_A.vcf";seq="HPV18_Ref";pos="3629";allele_FAILED="REF";REF="A";ALT="AG";AF="0.0";AC="0";DP="1972";FDR="7857.0";DECISION="failsample";STATUS="FAIL"
FAILED: file="example_A.vcf";seq="HPV18_Ref";pos="3629";allele_FAILED="REF";REF="A";ALT="AG";AF="0.0";AC="0";DP="1972";FDR="7857.0";DECISION="failsample";STATUS="FAIL"
FAILED: file="example_A.vcf";seq="HPV18_Ref";pos="3629";allele_FAILED="REF";REF="A";ALT="AG";AF="0.0";AC="0";DP="1972";FDR="7857.0";DECISION="failFDR";STATUS="FAIL"
MULTIALLELIC: file=example_A.vcf;seq=HPV18_Ref;pos=3630;REF=C;ALT=['A', 'G']
FAILED: file="example_A.vcf";seq="HPV18_Ref";pos="3630";allele_FAILED="ALT";REF="C";ALT="G";AF="0.007";AC="14";DP="1999";FDR="144.31578";DECISION="failsample";STATUS="FAIL"
FAILED: file="example_A.vcf";seq="HPV18_Ref";pos="3630";allele_FAILED="ALT";REF="C";ALT="G";AF="0.007";AC="14";DP="1999";FDR="144.31578";DECISION="failsample";STATUS="FAIL"
FAILED: file="example_A.vcf";seq="HPV18_Ref";pos="3630";allele_FAILED="ALT";REF="C";ALT="G";AF="0.007";AC="14";DP="1999";FDR="144.31578";DECISION="failFDR";STATUS="FAIL"
FAILED: file="example_A.vcf";seq="HPV18_Ref";pos="3630";allele_FAILED="ALT";REF="C";ALT="G";AF="0.97999";AC="1959";DP="1999";FDR="0.0";DECISION="failsample";STATUS="FAIL"
FAILED: file="example_A.vcf";seq="HPV18_Ref";pos="3630";allele_FAILED="REF";REF="C";ALT="G";AF="0.01301";AC="26";DP="1999";FDR="0.00052";DECISION="failsample";STATUS="FAIL"
FAILED: file="example_A.vcf";seq="HPV18_Ref";pos="3723";allele_FAILED="ALT";REF="C";ALT="A";AF="1.0";AC="1988";DP="1988";FDR="0.0";DECISION="failsample";STATUS="FAIL"
FAILED: file="example_A.vcf";seq="HPV18_Ref";pos="3723";allele_FAILED="ALT";REF="C";ALT="A";AF="1.0";AC="1988";DP="1988";FDR="0.0";DECISION="failsample";STATUS="FAIL"
FAILED: file="example_A.vcf";seq="HPV18_Ref";pos="3723";allele_FAILED="REF";REF="C";ALT="A";AF="0.0";AC="0";DP="1988";FDR="7857.0";DECISION="failZeroAC";STATUS="FAIL"
FAILED: file="example_A.vcf";seq="HPV18_Ref";pos="3723";allele_FAILED="REF";REF="C";ALT="A";AF="0.0";AC="0";DP="1988";FDR="7857.0";DECISION="failsample";STATUS="FAIL"
FAILED: file="example_A.vcf";seq="HPV18_Ref";pos="3723";allele_FAILED="REF";REF="C";ALT="A";AF="0.0";AC="0";DP="1988";FDR="7857.0";DECISION="failsample";STATUS="FAIL"
FAILED: file="example_A.vcf";seq="HPV18_Ref";pos="3723";allele_FAILED="REF";REF="C";ALT="A";AF="0.0";AC="0";DP="1988";FDR="7857.0";DECISION="failFDR";STATUS="FAIL"
FAILED: file="example_A.vcf";seq="HPV18_Ref";pos="3724";allele_FAILED="ALT";REF="G";ALT="GA";AF="1.0";AC="1368";DP="1368";FDR="0.0";DECISION="failsample";STATUS="FAIL"
FAILED: file="example_A.vcf";seq="HPV18_Ref";pos="3724";allele_FAILED="ALT";REF="G";ALT="GA";AF="1.0";AC="1368";DP="1368";FDR="0.0";DECISION="failsample";STATUS="FAIL"
FAILED: file="example_A.vcf";seq="HPV18_Ref";pos="3724";allele_FAILED="REF";REF="G";ALT="GA";AF="0.0";AC="0";DP="1368";FDR="7857.0";DECISION="failZeroAC";STATUS="FAIL"
FAILED: file="example_A.vcf";seq="HPV18_Ref";pos="3724";allele_FAILED="REF";REF="G";ALT="GA";AF="0.0";AC="0";DP="1368";FDR="7857.0";DECISION="failsample";STATUS="FAIL"
FAILED: file="example_A.vcf";seq="HPV18_Ref";pos="3724";allele_FAILED="REF";REF="G";ALT="GA";AF="0.0";AC="0";DP="1368";FDR="7857.0";DECISION="failsample";STATUS="FAIL"
FAILED: file="example_A.vcf";seq="HPV18_Ref";pos="3724";allele_FAILED="REF";REF="G";ALT="GA";AF="0.0";AC="0";DP="1368";FDR="7857.0";DECISION="failFDR";STATUS="FAIL"
FAILED: file="example_A.vcf";seq="HPV18_Ref";pos="3725";allele_FAILED="ALT";REF="G";ALT="A";AF="1.0";AC="1986";DP="1986";FDR="0.0";DECISION="failsample";STATUS="FAIL"
FAILED: file="example_A.vcf";seq="HPV18_Ref";pos="3725";allele_FAILED="ALT";REF="G";ALT="A";AF="1.0";AC="1986";DP="1986";FDR="0.0";DECISION="failsample";STATUS="FAIL"
FAILED: file="example_A.vcf";seq="HPV18_Ref";pos="3725";allele_FAILED="REF";REF="G";ALT="A";AF="0.0";AC="0";DP="1986";FDR="7857.0";DECISION="failZeroAC";STATUS="FAIL"
FAILED: file="example_A.vcf";seq="HPV18_Ref";pos="3725";allele_FAILED="REF";REF="G";ALT="A";AF="0.0";AC="0";DP="1986";FDR="7857.0";DECISION="failsample";STATUS="FAIL"
FAILED: file="example_A.vcf";seq="HPV18_Ref";pos="3725";allele_FAILED="REF";REF="G";ALT="A";AF="0.0";AC="0";DP="1986";FDR="7857.0";DECISION="failsample";STATUS="FAIL"
FAILED: file="example_A.vcf";seq="HPV18_Ref";pos="3725";allele_FAILED="REF";REF="G";ALT="A";AF="0.0";AC="0";DP="1986";FDR="7857.0";DECISION="failFDR";STATUS="FAIL"
FAILED: file="example_A.vcf";seq="HPV18_Ref";pos="4059";allele_FAILED="ALT";REF="G";ALT="A";AF="0.05727";AC="13";DP="227";FDR="0.0";DECISION="failsample";STATUS="FAIL"
MULTIALLELIC: file=example_A.vcf;seq=HPV18_Ref;pos=4168;REF=T;ALT=['C', 'TC']
FAILED: file="example_A.vcf";seq="HPV18_Ref";pos="4168";allele_FAILED="ALT";REF="T";ALT="TC";AF="0.0";AC="0";DP="1968";FDR="7857.0";DECISION="failZeroAC";STATUS="FAIL"
FAILED: file="example_A.vcf";seq="HPV18_Ref";pos="4168";allele_FAILED="ALT";REF="T";ALT="TC";AF="0.0";AC="0";DP="1968";FDR="7857.0";DECISION="failsample";STATUS="FAIL"
FAILED: file="example_A.vcf";seq="HPV18_Ref";pos="4168";allele_FAILED="ALT";REF="T";ALT="TC";AF="0.0";AC="0";DP="1968";FDR="7857.0";DECISION="failsample";STATUS="FAIL"
FAILED: file="example_A.vcf";seq="HPV18_Ref";pos="4168";allele_FAILED="ALT";REF="T";ALT="TC";AF="0.0";AC="0";DP="1968";FDR="7857.0";DECISION="failFDR";STATUS="FAIL"
MULTIALLELIC: file=example_A.vcf;seq=HPV18_Ref;pos=4241;REF=AGT;ALT=['ATC', 'ATT']
FAILED: file="example_A.vcf";seq="HPV18_Ref";pos="4247";allele_FAILED="ALT";REF="G";ALT="A";AF="0.03156";AC="63";DP="1996";FDR="0.0";DECISION="failsample";STATUS="FAIL"
FAILED: file="example_A.vcf";seq="HPV18_Ref";pos="4693";allele_FAILED="ALT";REF="G";ALT="T";AF="1.0";AC="1990";DP="1990";FDR="0.0";DECISION="failsample";STATUS="FAIL"
FAILED: file="example_A.vcf";seq="HPV18_Ref";pos="4693";allele_FAILED="ALT";REF="G";ALT="T";AF="1.0";AC="1990";DP="1990";FDR="0.0";DECISION="failsample";STATUS="FAIL"
FAILED: file="example_A.vcf";seq="HPV18_Ref";pos="4693";allele_FAILED="REF";REF="G";ALT="T";AF="0.0";AC="0";DP="1990";FDR="7857.0";DECISION="failZeroAC";STATUS="FAIL"
FAILED: file="example_A.vcf";seq="HPV18_Ref";pos="4693";allele_FAILED="REF";REF="G";ALT="T";AF="0.0";AC="0";DP="1990";FDR="7857.0";DECISION="failsample";STATUS="FAIL"
FAILED: file="example_A.vcf";seq="HPV18_Ref";pos="4693";allele_FAILED="REF";REF="G";ALT="T";AF="0.0";AC="0";DP="1990";FDR="7857.0";DECISION="failsample";STATUS="FAIL"
FAILED: file="example_A.vcf";seq="HPV18_Ref";pos="4693";allele_FAILED="REF";REF="G";ALT="T";AF="0.0";AC="0";DP="1990";FDR="7857.0";DECISION="failFDR";STATUS="FAIL"
FAILED: file="example_A.vcf";seq="HPV18_Ref";pos="4772";allele_FAILED="ALT";REF="G";ALT="T";AF="1.0";AC="1992";DP="1992";FDR="0.0";DECISION="failsample";STATUS="FAIL"
FAILED: file="example_A.vcf";seq="HPV18_Ref";pos="4772";allele_FAILED="ALT";REF="G";ALT="T";AF="1.0";AC="1992";DP="1992";FDR="0.0";DECISION="failsample";STATUS="FAIL"
FAILED: file="example_A.vcf";seq="HPV18_Ref";pos="4772";allele_FAILED="REF";REF="G";ALT="T";AF="0.0";AC="0";DP="1992";FDR="7857.0";DECISION="failZeroAC";STATUS="FAIL"
FAILED: file="example_A.vcf";seq="HPV18_Ref";pos="4772";allele_FAILED="REF";REF="G";ALT="T";AF="0.0";AC="0";DP="1992";FDR="7857.0";DECISION="failsample";STATUS="FAIL"
FAILED: file="example_A.vcf";seq="HPV18_Ref";pos="4772";allele_FAILED="REF";REF="G";ALT="T";AF="0.0";AC="0";DP="1992";FDR="7857.0";DECISION="failsample";STATUS="FAIL"
FAILED: file="example_A.vcf";seq="HPV18_Ref";pos="4772";allele_FAILED="REF";REF="G";ALT="T";AF="0.0";AC="0";DP="1992";FDR="7857.0";DECISION="failFDR";STATUS="FAIL"
FAILED: file="example_A.vcf";seq="HPV18_Ref";pos="5119";allele_FAILED="ALT";REF="G";ALT="T";AF="1.0";AC="1987";DP="1987";FDR="0.0";DECISION="failsample";STATUS="FAIL"
FAILED: file="example_A.vcf";seq="HPV18_Ref";pos="5119";allele_FAILED="ALT";REF="G";ALT="T";AF="1.0";AC="1987";DP="1987";FDR="0.0";DECISION="failsample";STATUS="FAIL"
FAILED: file="example_A.vcf";seq="HPV18_Ref";pos="5119";allele_FAILED="REF";REF="G";ALT="T";AF="0.0";AC="0";DP="1987";FDR="7857.0";DECISION="failZeroAC";STATUS="FAIL"
FAILED: file="example_A.vcf";seq="HPV18_Ref";pos="5119";allele_FAILED="REF";REF="G";ALT="T";AF="0.0";AC="0";DP="1987";FDR="7857.0";DECISION="failsample";STATUS="FAIL"
FAILED: file="example_A.vcf";seq="HPV18_Ref";pos="5119";allele_FAILED="REF";REF="G";ALT="T";AF="0.0";AC="0";DP="1987";FDR="7857.0";DECISION="failsample";STATUS="FAIL"
FAILED: file="example_A.vcf";seq="HPV18_Ref";pos="5119";allele_FAILED="REF";REF="G";ALT="T";AF="0.0";AC="0";DP="1987";FDR="7857.0";DECISION="failFDR";STATUS="FAIL"
FAILED: file="example_A.vcf";seq="HPV18_Ref";pos="5146";allele_FAILED="ALT";REF="AC";ALT="A";AF="1.0";AC="1997";DP="1997";FDR="0.0";DECISION="failsample";STATUS="FAIL"
FAILED: file="example_A.vcf";seq="HPV18_Ref";pos="5146";allele_FAILED="ALT";REF="AC";ALT="A";AF="1.0";AC="1997";DP="1997";FDR="0.0";DECISION="failsample";STATUS="FAIL"
FAILED: file="example_A.vcf";seq="HPV18_Ref";pos="5146";allele_FAILED="REF";REF="AC";ALT="A";AF="0.0";AC="0";DP="1997";FDR="7857.0";DECISION="failZeroAC";STATUS="FAIL"
FAILED: file="example_A.vcf";seq="HPV18_Ref";pos="5146";allele_FAILED="REF";REF="AC";ALT="A";AF="0.0";AC="0";DP="1997";FDR="7857.0";DECISION="failsample";STATUS="FAIL"
FAILED: file="example_A.vcf";seq="HPV18_Ref";pos="5146";allele_FAILED="REF";REF="AC";ALT="A";AF="0.0";AC="0";DP="1997";FDR="7857.0";DECISION="failsample";STATUS="FAIL"
FAILED: file="example_A.vcf";seq="HPV18_Ref";pos="5146";allele_FAILED="REF";REF="AC";ALT="A";AF="0.0";AC="0";DP="1997";FDR="7857.0";DECISION="failFDR";STATUS="FAIL"
FAILED: file="example_A.vcf";seq="HPV18_Ref";pos="5147";allele_FAILED="ALT";REF="C";ALT="A";AF="1.0";AC="1997";DP="1997";FDR="0.0";DECISION="failsample";STATUS="FAIL"
FAILED: file="example_A.vcf";seq="HPV18_Ref";pos="5147";allele_FAILED="ALT";REF="C";ALT="A";AF="1.0";AC="1997";DP="1997";FDR="0.0";DECISION="failsample";STATUS="FAIL"
FAILED: file="example_A.vcf";seq="HPV18_Ref";pos="5147";allele_FAILED="REF";REF="C";ALT="A";AF="0.0";AC="0";DP="1997";FDR="7857.0";DECISION="failZeroAC";STATUS="FAIL"
FAILED: file="example_A.vcf";seq="HPV18_Ref";pos="5147";allele_FAILED="REF";REF="C";ALT="A";AF="0.0";AC="0";DP="1997";FDR="7857.0";DECISION="failsample";STATUS="FAIL"
FAILED: file="example_A.vcf";seq="HPV18_Ref";pos="5147";allele_FAILED="REF";REF="C";ALT="A";AF="0.0";AC="0";DP="1997";FDR="7857.0";DECISION="failsample";STATUS="FAIL"
FAILED: file="example_A.vcf";seq="HPV18_Ref";pos="5147";allele_FAILED="REF";REF="C";ALT="A";AF="0.0";AC="0";DP="1997";FDR="7857.0";DECISION="failFDR";STATUS="FAIL"
MULTIALLELIC: file=example_A.vcf;seq=HPV18_Ref;pos=5347;REF=CTT;ALT=['CTC', 'TTC']
FAILED: file="example_A.vcf";seq="HPV18_Ref";pos="5503";allele_FAILED="ALT";REF="G";ALT="A";AF="1.0";AC="1972";DP="1972";FDR="0.0";DECISION="failsample";STATUS="FAIL"
FAILED: file="example_A.vcf";seq="HPV18_Ref";pos="5503";allele_FAILED="ALT";REF="G";ALT="A";AF="1.0";AC="1972";DP="1972";FDR="0.0";DECISION="failsample";STATUS="FAIL"
FAILED: file="example_A.vcf";seq="HPV18_Ref";pos="5503";allele_FAILED="REF";REF="G";ALT="A";AF="0.0";AC="0";DP="1972";FDR="7857.0";DECISION="failZeroAC";STATUS="FAIL"
FAILED: file="example_A.vcf";seq="HPV18_Ref";pos="5503";allele_FAILED="REF";REF="G";ALT="A";AF="0.0";AC="0";DP="1972";FDR="7857.0";DECISION="failsample";STATUS="FAIL"
FAILED: file="example_A.vcf";seq="HPV18_Ref";pos="5503";allele_FAILED="REF";REF="G";ALT="A";AF="0.0";AC="0";DP="1972";FDR="7857.0";DECISION="failsample";STATUS="FAIL"
FAILED: file="example_A.vcf";seq="HPV18_Ref";pos="5503";allele_FAILED="REF";REF="G";ALT="A";AF="0.0";AC="0";DP="1972";FDR="7857.0";DECISION="failFDR";STATUS="FAIL"
FAILED: file="example_A.vcf";seq="HPV18_Ref";pos="5875";allele_FAILED="ALT";REF="C";ALT="A";AF="1.0";AC="1978";DP="1978";FDR="0.0";DECISION="failsample";STATUS="FAIL"
FAILED: file="example_A.vcf";seq="HPV18_Ref";pos="5875";allele_FAILED="ALT";REF="C";ALT="A";AF="1.0";AC="1978";DP="1978";FDR="0.0";DECISION="failsample";STATUS="FAIL"
FAILED: file="example_A.vcf";seq="HPV18_Ref";pos="5875";allele_FAILED="REF";REF="C";ALT="A";AF="0.0";AC="0";DP="1978";FDR="7857.0";DECISION="failZeroAC";STATUS="FAIL"
FAILED: file="example_A.vcf";seq="HPV18_Ref";pos="5875";allele_FAILED="REF";REF="C";ALT="A";AF="0.0";AC="0";DP="1978";FDR="7857.0";DECISION="failsample";STATUS="FAIL"
FAILED: file="example_A.vcf";seq="HPV18_Ref";pos="5875";allele_FAILED="REF";REF="C";ALT="A";AF="0.0";AC="0";DP="1978";FDR="7857.0";DECISION="failsample";STATUS="FAIL"
FAILED: file="example_A.vcf";seq="HPV18_Ref";pos="5875";allele_FAILED="REF";REF="C";ALT="A";AF="0.0";AC="0";DP="1978";FDR="7857.0";DECISION="failFDR";STATUS="FAIL"
FAILED: file="example_A.vcf";seq="HPV18_Ref";pos="6401";allele_FAILED="ALT";REF="A";ALT="G";AF="1.0";AC="1998";DP="1998";FDR="0.0";DECISION="failsample";STATUS="FAIL"
FAILED: file="example_A.vcf";seq="HPV18_Ref";pos="6401";allele_FAILED="ALT";REF="A";ALT="G";AF="1.0";AC="1998";DP="1998";FDR="0.0";DECISION="failsample";STATUS="FAIL"
FAILED: file="example_A.vcf";seq="HPV18_Ref";pos="6401";allele_FAILED="REF";REF="A";ALT="G";AF="0.0";AC="0";DP="1998";FDR="7857.0";DECISION="failZeroAC";STATUS="FAIL"
FAILED: file="example_A.vcf";seq="HPV18_Ref";pos="6401";allele_FAILED="REF";REF="A";ALT="G";AF="0.0";AC="0";DP="1998";FDR="7857.0";DECISION="failsample";STATUS="FAIL"
FAILED: file="example_A.vcf";seq="HPV18_Ref";pos="6401";allele_FAILED="REF";REF="A";ALT="G";AF="0.0";AC="0";DP="1998";FDR="7857.0";DECISION="failsample";STATUS="FAIL"
FAILED: file="example_A.vcf";seq="HPV18_Ref";pos="6401";allele_FAILED="REF";REF="A";ALT="G";AF="0.0";AC="0";DP="1998";FDR="7857.0";DECISION="failFDR";STATUS="FAIL"
FAILED: file="example_A.vcf";seq="HPV18_Ref";pos="7164";allele_FAILED="ALT";REF="C";ALT="A";AF="1.0";AC="1900";DP="1900";FDR="0.0";DECISION="failsample";STATUS="FAIL"
FAILED: file="example_A.vcf";seq="HPV18_Ref";pos="7164";allele_FAILED="ALT";REF="C";ALT="A";AF="1.0";AC="1900";DP="1900";FDR="0.0";DECISION="failsample";STATUS="FAIL"
FAILED: file="example_A.vcf";seq="HPV18_Ref";pos="7164";allele_FAILED="REF";REF="C";ALT="A";AF="0.0";AC="0";DP="1900";FDR="7857.0";DECISION="failZeroAC";STATUS="FAIL"
FAILED: file="example_A.vcf";seq="HPV18_Ref";pos="7164";allele_FAILED="REF";REF="C";ALT="A";AF="0.0";AC="0";DP="1900";FDR="7857.0";DECISION="failsample";STATUS="FAIL"
FAILED: file="example_A.vcf";seq="HPV18_Ref";pos="7164";allele_FAILED="REF";REF="C";ALT="A";AF="0.0";AC="0";DP="1900";FDR="7857.0";DECISION="failsample";STATUS="FAIL"
FAILED: file="example_A.vcf";seq="HPV18_Ref";pos="7164";allele_FAILED="REF";REF="C";ALT="A";AF="0.0";AC="0";DP="1900";FDR="7857.0";DECISION="failFDR";STATUS="FAIL"
MULTIALLELIC: file=example_A.vcf;seq=HPV18_Ref;pos=7232;REF=GTTGTTGTA;ALT=['GTGTTGTA', 'GT']
FAILED: file="example_A.vcf";seq="HPV18_Ref";pos="7232";allele_FAILED="ALT";REF="GTTGTTGTA";ALT="GT";AF="0.0";AC="0";DP="1941";FDR="7857.0";DECISION="failZeroAC";STATUS="FAIL"
FAILED: file="example_A.vcf";seq="HPV18_Ref";pos="7232";allele_FAILED="ALT";REF="GTTGTTGTA";ALT="GT";AF="0.0";AC="0";DP="1941";FDR="7857.0";DECISION="failsample";STATUS="FAIL"
FAILED: file="example_A.vcf";seq="HPV18_Ref";pos="7232";allele_FAILED="ALT";REF="GTTGTTGTA";ALT="GT";AF="0.0";AC="0";DP="1941";FDR="7857.0";DECISION="failsample";STATUS="FAIL"
FAILED: file="example_A.vcf";seq="HPV18_Ref";pos="7232";allele_FAILED="ALT";REF="GTTGTTGTA";ALT="GT";AF="0.0";AC="0";DP="1941";FDR="7857.0";DECISION="failFDR";STATUS="FAIL"
FAILED: file="example_A.vcf";seq="HPV18_Ref";pos="7256";allele_FAILED="ALT";REF="T";ALT="TA";AF="1.0";AC="1975";DP="1975";FDR="0.0";DECISION="failsample";STATUS="FAIL"
FAILED: file="example_A.vcf";seq="HPV18_Ref";pos="7256";allele_FAILED="ALT";REF="T";ALT="TA";AF="1.0";AC="1975";DP="1975";FDR="0.0";DECISION="failsample";STATUS="FAIL"
FAILED: file="example_A.vcf";seq="HPV18_Ref";pos="7256";allele_FAILED="REF";REF="T";ALT="TA";AF="0.0";AC="0";DP="1975";FDR="7857.0";DECISION="failZeroAC";STATUS="FAIL"
FAILED: file="example_A.vcf";seq="HPV18_Ref";pos="7256";allele_FAILED="REF";REF="T";ALT="TA";AF="0.0";AC="0";DP="1975";FDR="7857.0";DECISION="failsample";STATUS="FAIL"
FAILED: file="example_A.vcf";seq="HPV18_Ref";pos="7256";allele_FAILED="REF";REF="T";ALT="TA";AF="0.0";AC="0";DP="1975";FDR="7857.0";DECISION="failsample";STATUS="FAIL"
FAILED: file="example_A.vcf";seq="HPV18_Ref";pos="7256";allele_FAILED="REF";REF="T";ALT="TA";AF="0.0";AC="0";DP="1975";FDR="7857.0";DECISION="failFDR";STATUS="FAIL"
FAILED: file="example_A.vcf";seq="HPV18_Ref";pos="7258";allele_FAILED="ALT";REF="T";ALT="A";AF="1.0";AC="1963";DP="1963";FDR="0.0";DECISION="failsample";STATUS="FAIL"
FAILED: file="example_A.vcf";seq="HPV18_Ref";pos="7258";allele_FAILED="ALT";REF="T";ALT="A";AF="1.0";AC="1963";DP="1963";FDR="0.0";DECISION="failsample";STATUS="FAIL"
FAILED: file="example_A.vcf";seq="HPV18_Ref";pos="7258";allele_FAILED="REF";REF="T";ALT="A";AF="0.0";AC="0";DP="1963";FDR="7857.0";DECISION="failZeroAC";STATUS="FAIL"
FAILED: file="example_A.vcf";seq="HPV18_Ref";pos="7258";allele_FAILED="REF";REF="T";ALT="A";AF="0.0";AC="0";DP="1963";FDR="7857.0";DECISION="failsample";STATUS="FAIL"
FAILED: file="example_A.vcf";seq="HPV18_Ref";pos="7258";allele_FAILED="REF";REF="T";ALT="A";AF="0.0";AC="0";DP="1963";FDR="7857.0";DECISION="failsample";STATUS="FAIL"
FAILED: file="example_A.vcf";seq="HPV18_Ref";pos="7258";allele_FAILED="REF";REF="T";ALT="A";AF="0.0";AC="0";DP="1963";FDR="7857.0";DECISION="failFDR";STATUS="FAIL"
FAILED: file="example_A.vcf";seq="HPV18_Ref";pos="7529";allele_FAILED="ALT";REF="C";ALT="A";AF="1.0";AC="17";DP="17";FDR="0.0";DECISION="failsample";STATUS="FAIL"
FAILED: file="example_A.vcf";seq="HPV18_Ref";pos="7529";allele_FAILED="ALT";REF="C";ALT="A";AF="1.0";AC="17";DP="17";FDR="0.0";DECISION="failsample";STATUS="FAIL"
FAILED: file="example_A.vcf";seq="HPV18_Ref";pos="7529";allele_FAILED="ALT";REF="C";ALT="A";AF="1.0";AC="17";DP="17";FDR="0.0";DECISION="failsample";STATUS="FAIL"
FAILED: file="example_A.vcf";seq="HPV18_Ref";pos="7529";allele_FAILED="REF";REF="C";ALT="A";AF="0.0";AC="0";DP="17";FDR="7857.0";DECISION="failZeroAC";STATUS="FAIL"
FAILED: file="example_A.vcf";seq="HPV18_Ref";pos="7529";allele_FAILED="REF";REF="C";ALT="A";AF="0.0";AC="0";DP="17";FDR="7857.0";DECISION="failsample";STATUS="FAIL"
FAILED: file="example_A.vcf";seq="HPV18_Ref";pos="7529";allele_FAILED="REF";REF="C";ALT="A";AF="0.0";AC="0";DP="17";FDR="7857.0";DECISION="failsample";STATUS="FAIL"
FAILED: file="example_A.vcf";seq="HPV18_Ref";pos="7529";allele_FAILED="REF";REF="C";ALT="A";AF="0.0";AC="0";DP="17";FDR="7857.0";DECISION="failFDR";STATUS="FAIL"
FAILED: file="example_A.vcf";seq="HPV18_Ref";pos="7563";allele_FAILED="ALT";REF="G";ALT="A";AF="1.0";AC="20";DP="20";FDR="0.0";DECISION="failsample";STATUS="FAIL"
FAILED: file="example_A.vcf";seq="HPV18_Ref";pos="7563";allele_FAILED="ALT";REF="G";ALT="A";AF="1.0";AC="20";DP="20";FDR="0.0";DECISION="failsample";STATUS="FAIL"
FAILED: file="example_A.vcf";seq="HPV18_Ref";pos="7563";allele_FAILED="REF";REF="G";ALT="A";AF="0.0";AC="0";DP="20";FDR="7857.0";DECISION="failZeroAC";STATUS="FAIL"
FAILED: file="example_A.vcf";seq="HPV18_Ref";pos="7563";allele_FAILED="REF";REF="G";ALT="A";AF="0.0";AC="0";DP="20";FDR="7857.0";DECISION="failsample";STATUS="FAIL"
FAILED: file="example_A.vcf";seq="HPV18_Ref";pos="7563";allele_FAILED="REF";REF="G";ALT="A";AF="0.0";AC="0";DP="20";FDR="7857.0";DECISION="failsample";STATUS="FAIL"
FAILED: file="example_A.vcf";seq="HPV18_Ref";pos="7563";allele_FAILED="REF";REF="G";ALT="A";AF="0.0";AC="0";DP="20";FDR="7857.0";DECISION="failFDR";STATUS="FAIL"
FAILED: file="example_A.vcf";seq="HPV18_Ref";pos="7567";allele_FAILED="ALT";REF="A";ALT="C";AF="0.95";AC="19";DP="20";FDR="0.0";DECISION="failsample";STATUS="FAIL"
FAILED: file="example_A.vcf";seq="HPV18_Ref";pos="7567";allele_FAILED="ALT";REF="A";ALT="C";AF="0.95";AC="19";DP="20";FDR="0.0";DECISION="failsample";STATUS="FAIL"
FAILED: file="example_A.vcf";seq="HPV18_Ref";pos="7567";allele_FAILED="ALT";REF="A";ALT="C";AF="0.95";AC="19";DP="20";FDR="0.0";DECISION="failsample";STATUS="FAIL"
FAILED: file="example_A.vcf";seq="HPV18_Ref";pos="7567";allele_FAILED="REF";REF="A";ALT="C";AF="0.05";AC="1";DP="20";FDR="558.0098";DECISION="failsample";STATUS="FAIL"
FAILED: file="example_A.vcf";seq="HPV18_Ref";pos="7567";allele_FAILED="REF";REF="A";ALT="C";AF="0.05";AC="1";DP="20";FDR="558.0098";DECISION="failsample";STATUS="FAIL"
FAILED: file="example_A.vcf";seq="HPV18_Ref";pos="7567";allele_FAILED="REF";REF="A";ALT="C";AF="0.05";AC="1";DP="20";FDR="558.0098";DECISION="failFDR";STATUS="FAIL"

FILE SUMMARY for file=example_A.vcf:
example_A.vcf:record_n=286
example_A.vcf:ALLELE_n=580
example_A.vcf:REF_n=286
example_A.vcf:ALT_n=294
example_A.vcf:ALLELES_pass=524/580=90.3%
example_A.vcf:REF_pass=262/286=91.6%
example_A.vcf:ALT_pass=262/294=89.1%

# -----------------------------------------------------------------------------
=================================> SUMMARY <===================================
# -----------------------------------------------------------------------------
Total samples (files) examined: 1
Total records (lines) examined: 286
Total ALLELES examined: 580 (286 REF + 294 ALT; 286 MAJOR + 294 MINOR)
Total ALLELES pass: 524/580=90.3%
Total REF pass: 262/286=91.6%
Total ALT pass: 262/294=89.1%
Total MAJOR pass: 262/286=91.6%
Total MINOR pass: 262/294=89.1%

=============> ALL ALLELES (at least 2 per record, REF and ALT) <==============
ALLELE_n=580
ALLELE_pass=524=90.3%
ALLELE_fail=56=9.7%
ALLELE_failZeroAC=25=4.3%
ALLELE_failDP=0=0.0%
ALLELE_failAC=0=0.0%
ALLELE_failMinAF=0=0.0%
ALLELE_failMaxAF=0=0.0%
ALLELE_failINFO=0=0.0%
ALLELE_failsample=112=19.3%
ALLELE_failFDR=27=4.7%
ALLELE_fixedREF=2=0.3%
ALLELE_fixedALT=24=4.1%

==> "pass": allele passes all criteria
ALLELE_pass_n=524
AF_pass: n=524;min=0.014;Q1=0.04;mean=0.5;std=0.446;median=0.499;Q3=0.96;max=0.986
AC_pass: n=524;min=28;Q1=79.0;mean=989.9;std=885.545;median=501.0;Q3=1913.0;max=1959
DP_pass: n=524;min=227;Q1=1988.0;mean=1983.3;std=84.571;median=1996.0;Q3=1999.0;max=2000

==> "fail": allele fails criteria (all-inclusive)
ALLELE_fail_n=56
AF_fail: n=56;min=0.0;Q1=0.0;mean=0.43;std=0.488;median=0.031;Q3=1.0;max=1.0
AC_fail: n=56;min=0;Q1=0.0;mean=734.2;std=938.488;median=15.5;Q3=1971.25;max=1998
DP_fail: n=56;min=17;Q1=1966.75;mean=1717.1;std=641.506;median=1981.0;Q3=1990.5;max=1999

==> "failZeroAC": allele fails when 0 reads support it (REF or ALT)
ALLELE_failZeroAC_n=25
AF_failZeroAC: n=25;min=0.0;Q1=0.0;mean=0.0;std=0.0;median=0.0;Q3=0.0;max=0.0
AC_failZeroAC: n=25;min=0;Q1=0.0;mean=0.0;std=0.0;median=0.0;Q3=0.0;max=0
DP_failZeroAC: n=25;min=17;Q1=1968.0;mean=1796.4;std=538.049;median=1981.0;Q3=1988.0;max=1998

==> "failDP": read depth (coverage) fails --min_DP
ALLELE_failDP_n=0

==> "failAC": allele count (REF or ALT) fails --min_AC
ALLELE_failAC_n=0

==> "failMinAF": allele frequency (REF or ALT) fails --min_AF
ALLELE_failMinAF_n=0

==> "failMaxAF": allele frequency (REF or ALT) fails --max_AF
ALLELE_failMaxAF_n=0

==> "failINFO": fails one or more of the user-provided --INFO_rules
ALLELE_failINFO_n=0

==> "failsample": fails one or more of the user-provided --sample_rules
ALLELE_failsample_n=112
AF_failsample: n=112;min=0.0;Q1=0.0;mean=0.438;std=0.49;median=0.031;Q3=1.0;max=1.0
AC_failsample: n=112;min=0;Q1=0.0;mean=716.1;std=934.174;median=14.0;Q3=1971.25;max=1998
DP_failsample: n=112;min=17;Q1=1963.0;mean=1697.3;std=664.804;median=1981.0;Q3=1990.0;max=1999

==> "failFDR": fails --FDR_cutoff
ALLELE_failFDR_n=27
AF_failFDR: n=27;min=0.0;Q1=0.0;mean=0.002;std=0.009;median=0.0;Q3=0.0;max=0.05
AC_failFDR: n=27;min=0;Q1=0.0;mean=0.6;std=2.643;median=0.0;Q3=0.0;max=14
DP_failFDR: n=27;min=17;Q1=1965.5;mean=1738.1;std=618.913;median=1981.0;Q3=1989.0;max=1999

==> "fixedREF": site fixed for the REF allele (100% reference)
ALLELE_fixedREF_n=2
AF_fixedREF: n=2;min=0.943;Q1=0.949;mean=0.956;std=0.013;median=0.956;Q3=0.962;max=0.968
AC_fixedREF: n=2;min=227;Q1=669.25;mean=1111.5;std=884.5;median=1111.5;Q3=1553.75;max=1996
DP_fixedREF: n=2;min=227;Q1=669.25;mean=1111.5;std=884.5;median=1111.5;Q3=1553.75;max=1996

==> "fixedALT": site fixed for a particular ALT allele (100% non-reference)
ALLELE_fixedALT_n=24
AF_fixedALT: n=24;min=0.939;Q1=1.0;mean=0.993;std=0.016;median=1.0;Q3=1.0;max=1.0
AC_fixedALT: n=24;min=17;Q1=1969.0;mean=1710.0;std=650.975;median=1983.5;Q3=1990.5;max=1999
DP_fixedALT: n=24;min=17;Q1=1969.0;mean=1710.0;std=650.975;median=1983.5;Q3=1990.5;max=1999

=========================> REF ALLELES (1 per record) <========================
REF_n=286
REF_pass=262=91.6%
REF_fail=24=8.4%
REF_failZeroAC=22=7.7%
REF_failDP=0=0.0%
REF_failAC=0=0.0%
REF_failMinAF=0=0.0%
REF_failMaxAF=0=0.0%
REF_failINFO=0=0.0%
REF_failsample=47=16.4%
REF_failFDR=23=8.0%
REF_fixedREF=2=0.7%

==> "pass": allele passes all criteria
REF_pass_n=262
AF_pass: n=262;min=0.014;Q1=0.94;mean=0.889;std=0.218;median=0.96;Q3=0.967;max=0.973
AC_pass: n=262;min=28;Q1=1851.25;mean=1760.1;std=444.91;median=1912.0;Q3=1928.0;max=1946
DP_pass: n=262;min=227;Q1=1988.0;mean=1980.1;std=114.112;median=1996.0;Q3=1999.0;max=2000

==> "fail": allele fails criteria (all-inclusive)
REF_fail_n=24
AF_fail: n=24;min=0.0;Q1=0.0;mean=0.003;std=0.01;median=0.0;Q3=0.0;max=0.05
AC_fail: n=24;min=0;Q1=0.0;mean=1.1;std=5.191;median=0.0;Q3=0.0;max=26
DP_fail: n=24;min=17;Q1=1969.0;mean=1710.0;std=650.975;median=1983.5;Q3=1990.5;max=1999

==> "failZeroAC": allele fails when 0 reads support it (REF or ALT)
REF_failZeroAC_n=22
AF_failZeroAC: n=22;min=0.0;Q1=0.0;mean=0.0;std=0.0;median=0.0;Q3=0.0;max=0.0
AC_failZeroAC: n=22;min=0;Q1=0.0;mean=0.0;std=0.0;median=0.0;Q3=0.0;max=0
DP_failZeroAC: n=22;min=17;Q1=1971.25;mean=1773.7;std=569.753;median=1983.5;Q3=1989.5;max=1998

==> "failDP": read depth (coverage) fails --min_DP
REF_failDP_n=0

==> "failAC": allele count (REF or ALT) fails --min_AC
REF_failAC_n=0

==> "failMinAF": allele frequency (REF or ALT) fails --min_AF
REF_failMinAF_n=0

==> "failMaxAF": allele frequency (REF or ALT) fails --max_AF
REF_failMaxAF_n=0

==> "failINFO": fails one or more of the user-provided --INFO_rules
REF_failINFO_n=0

==> "failsample": fails one or more of the user-provided --sample_rules
REF_failsample_n=47
AF_failsample: n=47;min=0.0;Q1=0.0;mean=0.002;std=0.01;median=0.0;Q3=0.0;max=0.05
AC_failsample: n=47;min=0;Q1=0.0;mean=0.6;std=3.751;median=0.0;Q3=0.0;max=26
DP_failsample: n=47;min=17;Q1=1967.0;mean=1703.9;std=656.484;median=1981.0;Q3=1990.0;max=1999

==> "failFDR": fails --FDR_cutoff
REF_failFDR_n=23
AF_failFDR: n=23;min=0.0;Q1=0.0;mean=0.002;std=0.01;median=0.0;Q3=0.0;max=0.05
AC_failFDR: n=23;min=0;Q1=0.0;mean=0.0;std=0.204;median=0.0;Q3=0.0;max=1
DP_failFDR: n=23;min=17;Q1=1967.0;mean=1697.4;std=662.121;median=1981.0;Q3=1989.0;max=1998

==> "fixedREF": site fixed for the REF allele (100% reference)
REF_fixedREF_n=2
AF_fixedREF: n=2;min=0.943;Q1=0.949;mean=0.956;std=0.013;median=0.956;Q3=0.962;max=0.968
AC_fixedREF: n=2;min=227;Q1=669.25;mean=1111.5;std=884.5;median=1111.5;Q3=1553.75;max=1996
DP_fixedREF: n=2;min=227;Q1=669.25;mean=1111.5;std=884.5;median=1111.5;Q3=1553.75;max=1996

=====================> ALT ALLELES (1 or more per record) <====================
ALT_n=294
ALT_pass=262=89.1%
ALT_fail=32=10.9%
ALT_failZeroAC=3=1.0%
ALT_failDP=0=0.0%
ALT_failAC=0=0.0%
ALT_failMinAF=0=0.0%
ALT_failMaxAF=0=0.0%
ALT_failINFO=0=0.0%
ALT_failsample=65=22.1%
ALT_failFDR=4=1.4%
ALT_fixedALT=24=8.2%

==> "pass": allele passes all criteria
ALT_pass_n=262
AF_pass: n=262;min=0.027;Q1=0.033;mean=0.111;std=0.216;median=0.04;Q3=0.061;max=0.986
AC_pass: n=262;min=53;Q1=65.0;mean=219.7;std=428.884;median=80.0;Q3=121.0;max=1959
DP_pass: n=262;min=1564;Q1=1988.0;mean=1986.5;std=35.527;median=1996.0;Q3=1999.0;max=2000

==> "fail": allele fails criteria (all-inclusive)
ALT_fail_n=32
AF_fail: n=32;min=0.0;Q1=0.719;mean=0.751;std=0.42;median=1.0;Q3=1.0;max=1.0
AC_fail: n=32;min=0;Q1=50.75;mean=1284.0;std=914.301;median=1961.0;Q3=1986.25;max=1998
DP_fail: n=32;min=17;Q1=1966.75;mean=1722.5;std=634.258;median=1981.0;Q3=1990.5;max=1999

==> "failZeroAC": allele fails when 0 reads support it (REF or ALT)
ALT_failZeroAC_n=3
AF_failZeroAC: n=3;min=0.0;Q1=0.0;mean=0.0;std=0.0;median=0.0;Q3=0.0;max=0.0
AC_failZeroAC: n=3;min=0;Q1=0.0;mean=0.0;std=0.0;median=0.0;Q3=0.0;max=0
DP_failZeroAC: n=3;min=1941;Q1=1954.5;mean=1963.3;std=16.66;median=1968.0;Q3=1974.5;max=1981

==> "failDP": read depth (coverage) fails --min_DP
ALT_failDP_n=0

==> "failAC": allele count (REF or ALT) fails --min_AC
ALT_failAC_n=0

==> "failMinAF": allele frequency (REF or ALT) fails --min_AF
ALT_failMinAF_n=0

==> "failMaxAF": allele frequency (REF or ALT) fails --max_AF
ALT_failMaxAF_n=0

==> "failINFO": fails one or more of the user-provided --INFO_rules
ALT_failINFO_n=0

==> "failsample": fails one or more of the user-provided --sample_rules
ALT_failsample_n=65
AF_failsample: n=65;min=0.0;Q1=0.939;mean=0.753;std=0.42;median=1.0;Q3=1.0;max=1.0
AC_failsample: n=65;min=0;Q1=19.0;mean=1233.5;std=930.475;median=1959.0;Q3=1986.0;max=1998
DP_failsample: n=65;min=17;Q1=1963.0;mean=1692.5;std=670.716;median=1981.0;Q3=1988.0;max=1999

==> "failFDR": fails --FDR_cutoff
ALT_failFDR_n=4
AF_failFDR: n=4;min=0.0;Q1=0.0;mean=0.002;std=0.003;median=0.0;Q3=0.002;max=0.007
AC_failFDR: n=4;min=0;Q1=0.0;mean=3.5;std=6.062;median=0.0;Q3=3.5;max=14
DP_failFDR: n=4;min=1941;Q1=1961.25;mean=1972.2;std=21.135;median=1974.5;Q3=1985.5;max=1999

==> "fixedALT": site fixed for a particular ALT allele (100% non-reference)
ALT_fixedALT_n=24
AF_fixedALT: n=24;min=0.939;Q1=1.0;mean=0.993;std=0.016;median=1.0;Q3=1.0;max=1.0
AC_fixedALT: n=24;min=17;Q1=1969.0;mean=1710.0;std=650.975;median=1983.5;Q3=1990.5;max=1999
DP_fixedALT: n=24;min=17;Q1=1969.0;mean=1710.0;std=650.975;median=1983.5;Q3=1990.5;max=1999

=====================> MAJOR ALLELES (1 or more per record) <====================
MAJOR_n=286
MAJOR_pass=262=91.6%
MAJOR_fail=24=8.4%
MAJOR_failZeroAC=0=0.0%
MAJOR_failDP=0=0.0%
MAJOR_failAC=0=0.0%
MAJOR_failMinAF=0=0.0%
MAJOR_failMaxAF=0=0.0%
MAJOR_failINFO=0=0.0%
MAJOR_failsample=49=17.1%
MAJOR_failFDR=0=0.0%
MAJOR_fixedREF=2=0.7%
MAJOR_fixedALT=24=8.4%

==> "pass": allele passes all criteria
MAJOR_pass_n=262
AF_pass: n=262;min=0.745;Q1=0.943;mean=0.943;std=0.043;median=0.96;Q3=0.967;max=0.986
AC_pass: n=262;min=214;Q1=1864.0;mean=1868.0;std=138.297;median=1913.0;Q3=1928.75;max=1959
DP_pass: n=262;min=227;Q1=1988.0;mean=1980.1;std=114.112;median=1996.0;Q3=1999.0;max=2000

==> "fail": allele fails criteria (all-inclusive)
MAJOR_fail_n=24
AF_fail: n=24;min=0.939;Q1=1.0;mean=0.993;std=0.016;median=1.0;Q3=1.0;max=1.0
AC_fail: n=24;min=17;Q1=1918.75;mean=1700.7;std=647.732;median=1973.5;Q3=1988.5;max=1998
DP_fail: n=24;min=17;Q1=1969.0;mean=1710.0;std=650.975;median=1983.5;Q3=1990.5;max=1999

==> "failZeroAC": allele fails when 0 reads support it (REF or ALT)
MAJOR_failZeroAC_n=0

==> "failDP": read depth (coverage) fails --min_DP
MAJOR_failDP_n=0

==> "failAC": allele count (REF or ALT) fails --min_AC
MAJOR_failAC_n=0

==> "failMinAF": allele frequency (REF or ALT) fails --min_AF
MAJOR_failMinAF_n=0

==> "failMaxAF": allele frequency (REF or ALT) fails --max_AF
MAJOR_failMaxAF_n=0

==> "failINFO": fails one or more of the user-provided --INFO_rules
MAJOR_failINFO_n=0

==> "failsample": fails one or more of the user-provided --sample_rules
MAJOR_failsample_n=49
AF_failsample: n=49;min=0.939;Q1=1.0;mean=0.993;std=0.017;median=1.0;Q3=1.0;max=1.0
AC_failsample: n=49;min=17;Q1=1900.0;mean=1626.8;std=720.927;median=1972.0;Q3=1988.0;max=1998
DP_failsample: n=49;min=17;Q1=1963.0;mean=1635.1;std=724.281;median=1981.0;Q3=1990.0;max=1999

==> "failFDR": fails --FDR_cutoff
MAJOR_failFDR_n=0

==> "fixedREF": site fixed for the REF allele (100% reference)
MAJOR_fixedREF_n=2
AF_fixedREF: n=2;min=0.943;Q1=0.949;mean=0.956;std=0.013;median=0.956;Q3=0.962;max=0.968
AC_fixedREF: n=2;min=227;Q1=669.25;mean=1111.5;std=884.5;median=1111.5;Q3=1553.75;max=1996
DP_fixedREF: n=2;min=227;Q1=669.25;mean=1111.5;std=884.5;median=1111.5;Q3=1553.75;max=1996

==> "fixedALT": site fixed for a particular ALT allele (100% non-reference)
MAJOR_fixedALT_n=24
AF_fixedALT: n=24;min=0.939;Q1=1.0;mean=0.993;std=0.016;median=1.0;Q3=1.0;max=1.0
AC_fixedALT: n=24;min=17;Q1=1969.0;mean=1710.0;std=650.975;median=1983.5;Q3=1990.5;max=1999
DP_fixedALT: n=24;min=17;Q1=1969.0;mean=1710.0;std=650.975;median=1983.5;Q3=1990.5;max=1999

=====================> MINOR ALLELES (1 or more per record) <====================
MINOR_n=294
MINOR_pass=262=89.1%
MINOR_fail=32=10.9%
MINOR_failZeroAC=25=8.5%
MINOR_failDP=0=0.0%
MINOR_failAC=0=0.0%
MINOR_failMinAF=0=0.0%
MINOR_failMaxAF=0=0.0%
MINOR_failINFO=0=0.0%
MINOR_failsample=63=21.4%
MINOR_failFDR=27=9.2%
MINOR_fixedREF=0=0.0%
MINOR_fixedALT=0=0.0%

==> "pass": allele passes all criteria
MINOR_pass_n=262
AF_pass: n=262;min=0.014;Q1=0.033;mean=0.056;std=0.042;median=0.04;Q3=0.057;max=0.253
AC_pass: n=262;min=28;Q1=65.0;mean=111.8;std=83.848;median=79.0;Q3=112.75;max=506
DP_pass: n=262;min=1564;Q1=1988.0;mean=1986.5;std=35.527;median=1996.0;Q3=1999.0;max=2000

==> "fail": allele fails criteria (all-inclusive)
MINOR_fail_n=32
AF_fail: n=32;min=0.0;Q1=0.0;mean=0.008;std=0.017;median=0.0;Q3=0.0;max=0.061
AC_fail: n=32;min=0;Q1=0.0;mean=9.3;std=25.359;median=0.0;Q3=0.0;max=121
DP_fail: n=32;min=17;Q1=1966.75;mean=1722.5;std=634.258;median=1981.0;Q3=1990.5;max=1999

==> "failZeroAC": allele fails when 0 reads support it (REF or ALT)
MINOR_failZeroAC_n=25
AF_failZeroAC: n=25;min=0.0;Q1=0.0;mean=0.0;std=0.0;median=0.0;Q3=0.0;max=0.0
AC_failZeroAC: n=25;min=0;Q1=0.0;mean=0.0;std=0.0;median=0.0;Q3=0.0;max=0
DP_failZeroAC: n=25;min=17;Q1=1968.0;mean=1796.4;std=538.049;median=1981.0;Q3=1988.0;max=1998

==> "failDP": read depth (coverage) fails --min_DP
MINOR_failDP_n=0

==> "failAC": allele count (REF or ALT) fails --min_AC
MINOR_failAC_n=0

==> "failMinAF": allele frequency (REF or ALT) fails --min_AF
MINOR_failMinAF_n=0

==> "failMaxAF": allele frequency (REF or ALT) fails --max_AF
MINOR_failMaxAF_n=0

==> "failINFO": fails one or more of the user-provided --INFO_rules
MINOR_failINFO_n=0

==> "failsample": fails one or more of the user-provided --sample_rules
MINOR_failsample_n=63
AF_failsample: n=63;min=0.0;Q1=0.0;mean=0.006;std=0.016;median=0.0;Q3=0.0;max=0.061
AC_failsample: n=63;min=0;Q1=0.0;mean=7.9;std=24.568;median=0.0;Q3=0.0;max=121
DP_failsample: n=63;min=17;Q1=1968.0;mean=1745.7;std=610.206;median=1981.0;Q3=1989.0;max=1999

==> "failFDR": fails --FDR_cutoff
MINOR_failFDR_n=27
AF_failFDR: n=27;min=0.0;Q1=0.0;mean=0.002;std=0.009;median=0.0;Q3=0.0;max=0.05
AC_failFDR: n=27;min=0;Q1=0.0;mean=0.6;std=2.643;median=0.0;Q3=0.0;max=14
DP_failFDR: n=27;min=17;Q1=1965.5;mean=1738.1;std=618.913;median=1981.0;Q3=1989.0;max=1999

==> "fixedREF": site fixed for the REF allele (100% reference)
MINOR_fixedREF_n=0

==> "fixedALT": site fixed for a particular ALT allele (100% non-reference)
MINOR_fixedALT_n=0

# -----------------------------------------------------------------------------
